2024-06-09 12:29:56 [main] INFO  c.m.d.t.t.k.s.TwitterToKafkaServiceApplication - Starting TwitterToKafkaServiceApplication on DESKTOP-81BAMHN with PID 15220 (C:\Dev\Project\microservices-demo\twitter-to-kafka-service\target\classes started by gon in C:\Dev\Project\microservices-demo)
2024-06-09 12:29:56 [main] INFO  c.m.d.t.t.k.s.TwitterToKafkaServiceApplication - No active profile set, falling back to default profiles: default
2024-06-09 12:29:56 [main] WARN  o.s.c.a.AnnotationConfigApplicationContext - Exception encountered during context initialization - cancelling refresh attempt: org.springframework.beans.factory.UnsatisfiedDependencyException: Error creating bean with name 'twitterToKafkaServiceApplication': Unsatisfied dependency expressed through constructor parameter 1; nested exception is org.springframework.beans.factory.NoUniqueBeanDefinitionException: No qualifying bean of type 'com.microservices.demo.twitter.to.kafka.service.runner.StreamRunner' available: expected single matching bean but found 2: mockKafkaStreamRunner,twitterKafkaStreamRunner
2024-06-09 12:29:56 [main] INFO  o.s.b.a.l.ConditionEvaluationReportLoggingListener - 

Error starting ApplicationContext. To display the conditions report re-run your application with 'debug' enabled.
2024-06-09 12:29:56 [main] ERROR o.s.b.d.LoggingFailureAnalysisReporter - 

***************************
APPLICATION FAILED TO START
***************************

Description:

Parameter 1 of constructor in com.microservices.demo.twitter.to.kafka.service.TwitterToKafkaServiceApplication required a single bean, but 2 were found:
	- mockKafkaStreamRunner: defined in file [C:\Dev\Project\microservices-demo\twitter-to-kafka-service\target\classes\com\microservices\demo\twitter\to\kafka\service\runner\impl\MockKafkaStreamRunner.class]
	- twitterKafkaStreamRunner: defined in file [C:\Dev\Project\microservices-demo\twitter-to-kafka-service\target\classes\com\microservices\demo\twitter\to\kafka\service\runner\impl\TwitterKafkaStreamRunner.class]


Action:

Consider marking one of the beans as @Primary, updating the consumer to accept multiple beans, or using @Qualifier to identify the bean that should be consumed

2024-06-09 12:33:01 [main] INFO  c.m.d.t.t.k.s.TwitterToKafkaServiceApplication - Starting TwitterToKafkaServiceApplication on DESKTOP-81BAMHN with PID 7260 (C:\Dev\Project\microservices-demo\twitter-to-kafka-service\target\classes started by gon in C:\Dev\Project\microservices-demo)
2024-06-09 12:33:01 [main] INFO  c.m.d.t.t.k.s.TwitterToKafkaServiceApplication - No active profile set, falling back to default profiles: default
2024-06-09 12:33:01 [main] INFO  c.m.d.t.t.k.s.TwitterToKafkaServiceApplication - Started TwitterToKafkaServiceApplication in 0.741 seconds (JVM running for 1.147)
2024-06-09 12:33:01 [main] INFO  c.m.d.t.t.k.s.TwitterToKafkaServiceApplication - App starts...
2024-06-09 12:33:01 [main] INFO  c.m.d.t.t.k.s.TwitterToKafkaServiceApplication - [Java, Microservices, Spring, Kafka, Elasticsearch]
2024-06-09 12:33:01 [main] INFO  c.m.d.t.t.k.s.TwitterToKafkaServiceApplication - Hello microservices!
2024-06-09 12:33:01 [main] INFO  c.m.d.t.t.k.s.r.i.MockKafkaStreamRunner - Starting mock filtering twitter streams for keywords [Java, Microservices, Spring, Kafka, Elasticsearch]
2024-06-09 12:33:01 [pool-1-thread-1] ERROR c.m.d.t.t.k.s.r.i.MockKafkaStreamRunner - Error creating twitter status!
twitter4j.TwitterException: Unterminated object at character 72 of {"created_at":"Sun Jun 09 12:33:01 KST 2024","id":"7320245892929643995""text":"Lorem ex elit enim adipiscing ex enim Microservices Etiam adipiscing ex amet elit dolor",}
	at twitter4j.TwitterObjectFactory.createStatus(TwitterObjectFactory.java:57)
	at com.microservices.demo.twitter.to.kafka.service.runner.impl.MockKafkaStreamRunner.lambda$simulateTwitterStream$0(MockKafkaStreamRunner.java:68)
	at java.base/java.util.concurrent.Executors$RunnableAdapter.call(Executors.java:515)
	at java.base/java.util.concurrent.FutureTask.run(FutureTask.java:264)
	at java.base/java.util.concurrent.ThreadPoolExecutor.runWorker(ThreadPoolExecutor.java:1128)
	at java.base/java.util.concurrent.ThreadPoolExecutor$Worker.run(ThreadPoolExecutor.java:628)
	at java.base/java.lang.Thread.run(Thread.java:834)
Caused by: twitter4j.JSONException: Unterminated object at character 72 of {"created_at":"Sun Jun 09 12:33:01 KST 2024","id":"7320245892929643995""text":"Lorem ex elit enim adipiscing ex enim Microservices Etiam adipiscing ex amet elit dolor",}
	at twitter4j.JSONTokener.syntaxError(JSONTokener.java:486)
	at twitter4j.JSONTokener.readObject(JSONTokener.java:427)
	at twitter4j.JSONTokener.nextValue(JSONTokener.java:130)
	at twitter4j.JSONObject.<init>(JSONObject.java:167)
	at twitter4j.JSONObject.<init>(JSONObject.java:184)
	at twitter4j.TwitterObjectFactory.createStatus(TwitterObjectFactory.java:55)
	... 6 common frames omitted
2024-06-09 12:34:30 [main] INFO  c.m.d.t.t.k.s.TwitterToKafkaServiceApplication - Starting TwitterToKafkaServiceApplication on DESKTOP-81BAMHN with PID 5672 (C:\Dev\Project\microservices-demo\twitter-to-kafka-service\target\classes started by gon in C:\Dev\Project\microservices-demo)
2024-06-09 12:34:30 [main] INFO  c.m.d.t.t.k.s.TwitterToKafkaServiceApplication - No active profile set, falling back to default profiles: default
2024-06-09 12:34:31 [main] INFO  c.m.d.t.t.k.s.TwitterToKafkaServiceApplication - Started TwitterToKafkaServiceApplication in 0.73 seconds (JVM running for 1.161)
2024-06-09 12:34:31 [main] INFO  c.m.d.t.t.k.s.TwitterToKafkaServiceApplication - App starts...
2024-06-09 12:34:31 [main] INFO  c.m.d.t.t.k.s.TwitterToKafkaServiceApplication - [Java, Microservices, Spring, Kafka, Elasticsearch]
2024-06-09 12:34:31 [main] INFO  c.m.d.t.t.k.s.TwitterToKafkaServiceApplication - Hello microservices!
2024-06-09 12:34:31 [main] INFO  c.m.d.t.t.k.s.r.i.MockKafkaStreamRunner - Starting mock filtering twitter streams for keywords [Java, Microservices, Spring, Kafka, Elasticsearch]
2024-06-09 12:34:31 [pool-1-thread-1] ERROR c.m.d.t.t.k.s.r.i.MockKafkaStreamRunner - Error creating twitter status!
twitter4j.TwitterException: Unterminated object at character 72 of {"created_at":"Sun Jun 09 12:34:31 KST 2024","id":"7216551475773092096""text":"ex Duis vulputate adipiscing Etiam vulputate ex Kafka cursus Etiam ex Etiam vulputate",}
	at twitter4j.TwitterObjectFactory.createStatus(TwitterObjectFactory.java:57)
	at com.microservices.demo.twitter.to.kafka.service.runner.impl.MockKafkaStreamRunner.lambda$simulateTwitterStream$0(MockKafkaStreamRunner.java:68)
	at java.base/java.util.concurrent.Executors$RunnableAdapter.call(Executors.java:515)
	at java.base/java.util.concurrent.FutureTask.run(FutureTask.java:264)
	at java.base/java.util.concurrent.ThreadPoolExecutor.runWorker(ThreadPoolExecutor.java:1128)
	at java.base/java.util.concurrent.ThreadPoolExecutor$Worker.run(ThreadPoolExecutor.java:628)
	at java.base/java.lang.Thread.run(Thread.java:834)
Caused by: twitter4j.JSONException: Unterminated object at character 72 of {"created_at":"Sun Jun 09 12:34:31 KST 2024","id":"7216551475773092096""text":"ex Duis vulputate adipiscing Etiam vulputate ex Kafka cursus Etiam ex Etiam vulputate",}
	at twitter4j.JSONTokener.syntaxError(JSONTokener.java:486)
	at twitter4j.JSONTokener.readObject(JSONTokener.java:427)
	at twitter4j.JSONTokener.nextValue(JSONTokener.java:130)
	at twitter4j.JSONObject.<init>(JSONObject.java:167)
	at twitter4j.JSONObject.<init>(JSONObject.java:184)
	at twitter4j.TwitterObjectFactory.createStatus(TwitterObjectFactory.java:55)
	... 6 common frames omitted
2024-06-09 12:37:42 [main] INFO  c.m.d.t.t.k.s.TwitterToKafkaServiceApplication - Starting TwitterToKafkaServiceApplication on DESKTOP-81BAMHN with PID 7936 (C:\Dev\Project\microservices-demo\twitter-to-kafka-service\target\classes started by gon in C:\Dev\Project\microservices-demo)
2024-06-09 12:37:42 [main] INFO  c.m.d.t.t.k.s.TwitterToKafkaServiceApplication - No active profile set, falling back to default profiles: default
2024-06-09 12:37:43 [main] INFO  c.m.d.t.t.k.s.TwitterToKafkaServiceApplication - Started TwitterToKafkaServiceApplication in 0.748 seconds (JVM running for 1.158)
2024-06-09 12:37:43 [main] INFO  c.m.d.t.t.k.s.TwitterToKafkaServiceApplication - App starts...
2024-06-09 12:37:43 [main] INFO  c.m.d.t.t.k.s.TwitterToKafkaServiceApplication - [Java, Microservices, Spring, Kafka, Elasticsearch]
2024-06-09 12:37:43 [main] INFO  c.m.d.t.t.k.s.TwitterToKafkaServiceApplication - Hello microservices!
2024-06-09 12:37:43 [main] INFO  c.m.d.t.t.k.s.r.i.MockKafkaStreamRunner - Starting mock filtering twitter streams for keywords [Java, Microservices, Spring, Kafka, Elasticsearch]
2024-06-09 12:37:43 [pool-1-thread-1] ERROR c.m.d.t.t.k.s.r.i.MockKafkaStreamRunner - Error creating twitter status!
twitter4j.TwitterException: Unterminated object at character 71 of {"created_at":"Sun Jun 09 12:37:43 KST 2024","id":"301258625935599377""text":"amet Etiam Duis ex Kafka Lorem ipsum vulputate"}
	at twitter4j.TwitterObjectFactory.createStatus(TwitterObjectFactory.java:57)
	at com.microservices.demo.twitter.to.kafka.service.runner.impl.MockKafkaStreamRunner.lambda$simulateTwitterStream$0(MockKafkaStreamRunner.java:68)
	at java.base/java.util.concurrent.Executors$RunnableAdapter.call(Executors.java:515)
	at java.base/java.util.concurrent.FutureTask.run(FutureTask.java:264)
	at java.base/java.util.concurrent.ThreadPoolExecutor.runWorker(ThreadPoolExecutor.java:1128)
	at java.base/java.util.concurrent.ThreadPoolExecutor$Worker.run(ThreadPoolExecutor.java:628)
	at java.base/java.lang.Thread.run(Thread.java:834)
Caused by: twitter4j.JSONException: Unterminated object at character 71 of {"created_at":"Sun Jun 09 12:37:43 KST 2024","id":"301258625935599377""text":"amet Etiam Duis ex Kafka Lorem ipsum vulputate"}
	at twitter4j.JSONTokener.syntaxError(JSONTokener.java:486)
	at twitter4j.JSONTokener.readObject(JSONTokener.java:427)
	at twitter4j.JSONTokener.nextValue(JSONTokener.java:130)
	at twitter4j.JSONObject.<init>(JSONObject.java:167)
	at twitter4j.JSONObject.<init>(JSONObject.java:184)
	at twitter4j.TwitterObjectFactory.createStatus(TwitterObjectFactory.java:55)
	... 6 common frames omitted
2024-06-09 12:38:18 [main] INFO  c.m.d.t.t.k.s.TwitterToKafkaServiceApplication - Starting TwitterToKafkaServiceApplication on DESKTOP-81BAMHN with PID 18372 (C:\Dev\Project\microservices-demo\twitter-to-kafka-service\target\classes started by gon in C:\Dev\Project\microservices-demo)
2024-06-09 12:38:18 [main] INFO  c.m.d.t.t.k.s.TwitterToKafkaServiceApplication - No active profile set, falling back to default profiles: default
2024-06-09 12:38:19 [main] INFO  c.m.d.t.t.k.s.TwitterToKafkaServiceApplication - Started TwitterToKafkaServiceApplication in 0.769 seconds (JVM running for 1.175)
2024-06-09 12:38:19 [main] INFO  c.m.d.t.t.k.s.TwitterToKafkaServiceApplication - App starts...
2024-06-09 12:38:19 [main] INFO  c.m.d.t.t.k.s.TwitterToKafkaServiceApplication - [Java, Microservices, Spring, Kafka, Elasticsearch]
2024-06-09 12:38:19 [main] INFO  c.m.d.t.t.k.s.TwitterToKafkaServiceApplication - Hello microservices!
2024-06-09 12:38:19 [main] INFO  c.m.d.t.t.k.s.r.i.MockKafkaStreamRunner - Starting mock filtering twitter streams for keywords [Java, Microservices, Spring, Kafka, Elasticsearch]
2024-06-09 12:38:19 [pool-1-thread-1] ERROR c.m.d.t.t.k.s.r.i.MockKafkaStreamRunner - Error creating twitter status!
twitter4j.TwitterException: Expected literal value at character 184 of {"created_at":"Sun Jun 09 12:38:19 KST 2024","id":"5897303684156297276","text":"adipiscing enim sodales ipsum dolor dolor dolor sodales Kafka sodales consectetur Etiam Duis elit elit",}
	at twitter4j.TwitterObjectFactory.createStatus(TwitterObjectFactory.java:57)
	at com.microservices.demo.twitter.to.kafka.service.runner.impl.MockKafkaStreamRunner.lambda$simulateTwitterStream$0(MockKafkaStreamRunner.java:68)
	at java.base/java.util.concurrent.Executors$RunnableAdapter.call(Executors.java:515)
	at java.base/java.util.concurrent.FutureTask.run(FutureTask.java:264)
	at java.base/java.util.concurrent.ThreadPoolExecutor.runWorker(ThreadPoolExecutor.java:1128)
	at java.base/java.util.concurrent.ThreadPoolExecutor$Worker.run(ThreadPoolExecutor.java:628)
	at java.base/java.lang.Thread.run(Thread.java:834)
Caused by: twitter4j.JSONException: Expected literal value at character 184 of {"created_at":"Sun Jun 09 12:38:19 KST 2024","id":"5897303684156297276","text":"adipiscing enim sodales ipsum dolor dolor dolor sodales Kafka sodales consectetur Etiam Duis elit elit",}
	at twitter4j.JSONTokener.syntaxError(JSONTokener.java:486)
	at twitter4j.JSONTokener.readLiteral(JSONTokener.java:317)
	at twitter4j.JSONTokener.nextValue(JSONTokener.java:141)
	at twitter4j.JSONTokener.readObject(JSONTokener.java:395)
	at twitter4j.JSONTokener.nextValue(JSONTokener.java:130)
	at twitter4j.JSONObject.<init>(JSONObject.java:167)
	at twitter4j.JSONObject.<init>(JSONObject.java:184)
	at twitter4j.TwitterObjectFactory.createStatus(TwitterObjectFactory.java:55)
	... 6 common frames omitted
2024-06-09 12:38:34 [main] INFO  c.m.d.t.t.k.s.TwitterToKafkaServiceApplication - Starting TwitterToKafkaServiceApplication on DESKTOP-81BAMHN with PID 17220 (C:\Dev\Project\microservices-demo\twitter-to-kafka-service\target\classes started by gon in C:\Dev\Project\microservices-demo)
2024-06-09 12:38:34 [main] INFO  c.m.d.t.t.k.s.TwitterToKafkaServiceApplication - No active profile set, falling back to default profiles: default
2024-06-09 12:38:35 [main] INFO  c.m.d.t.t.k.s.TwitterToKafkaServiceApplication - Started TwitterToKafkaServiceApplication in 0.762 seconds (JVM running for 1.174)
2024-06-09 12:38:35 [main] INFO  c.m.d.t.t.k.s.TwitterToKafkaServiceApplication - App starts...
2024-06-09 12:38:35 [main] INFO  c.m.d.t.t.k.s.TwitterToKafkaServiceApplication - [Java, Microservices, Spring, Kafka, Elasticsearch]
2024-06-09 12:38:35 [main] INFO  c.m.d.t.t.k.s.TwitterToKafkaServiceApplication - Hello microservices!
2024-06-09 12:38:35 [main] INFO  c.m.d.t.t.k.s.r.i.MockKafkaStreamRunner - Starting mock filtering twitter streams for keywords [Java, Microservices, Spring, Kafka, Elasticsearch]
2024-06-09 12:38:35 [pool-1-thread-1] INFO  c.m.d.t.t.k.s.l.TwitterKafkaStatusListener - Twitter status with text dolor Etiam enim sit elit Duis elit Elasticsearch Duis Etiam Etiam amet enim
2024-06-09 12:38:45 [pool-1-thread-1] INFO  c.m.d.t.t.k.s.l.TwitterKafkaStatusListener - Twitter status with text ipsum adipiscing Duis adipiscing Kafka Duis cursus
2024-06-09 12:38:55 [pool-1-thread-1] INFO  c.m.d.t.t.k.s.l.TwitterKafkaStatusListener - Twitter status with text sit ex dolor ipsum cursus elit Microservices dolor adipiscing sit sit ipsum
2024-06-09 12:39:05 [pool-1-thread-1] INFO  c.m.d.t.t.k.s.l.TwitterKafkaStatusListener - Twitter status with text sodales dolor sit Duis ipsum adipiscing sit dolor Kafka vulputate ipsum ex vulputate elit vulputate
2024-06-09 12:39:15 [pool-1-thread-1] INFO  c.m.d.t.t.k.s.l.TwitterKafkaStatusListener - Twitter status with text Duis dolor vulputate Microservices dolor elit
2024-06-09 12:39:25 [pool-1-thread-1] INFO  c.m.d.t.t.k.s.l.TwitterKafkaStatusListener - Twitter status with text Lorem amet amet sodales dolor vulputate sit sodales Java adipiscing dolor adipiscing Lorem Etiam elit
2024-06-09 12:39:35 [pool-1-thread-1] INFO  c.m.d.t.t.k.s.l.TwitterKafkaStatusListener - Twitter status with text Etiam elit Duis amet vulputate Etiam Microservices cursus adipiscing elit adipiscing
2024-06-09 12:39:45 [pool-1-thread-1] INFO  c.m.d.t.t.k.s.l.TwitterKafkaStatusListener - Twitter status with text vulputate elit sodales elit dolor ex Microservices dolor cursus ex Duis Duis
2024-06-09 12:39:55 [pool-1-thread-1] INFO  c.m.d.t.t.k.s.l.TwitterKafkaStatusListener - Twitter status with text dolor sit elit ipsum Lorem Microservices ex sodales amet
2024-06-09 12:40:05 [pool-1-thread-1] INFO  c.m.d.t.t.k.s.l.TwitterKafkaStatusListener - Twitter status with text dolor ex ex amet sit Duis Etiam Elasticsearch elit Duis adipiscing adipiscing Lorem cursus
2024-06-09 12:40:15 [pool-1-thread-1] INFO  c.m.d.t.t.k.s.l.TwitterKafkaStatusListener - Twitter status with text Lorem elit vulputate cursus sodales enim elit cursus Kafka cursus Duis ex vulputate dolor Etiam
2024-06-09 12:40:25 [pool-1-thread-1] INFO  c.m.d.t.t.k.s.l.TwitterKafkaStatusListener - Twitter status with text cursus vulputate ipsum Microservices cursus ipsum
2024-06-09 12:40:35 [pool-1-thread-1] INFO  c.m.d.t.t.k.s.l.TwitterKafkaStatusListener - Twitter status with text Lorem dolor dolor consectetur Microservices cursus Lorem sodales
2024-06-09 12:40:45 [pool-1-thread-1] INFO  c.m.d.t.t.k.s.l.TwitterKafkaStatusListener - Twitter status with text vulputate elit dolor enim vulputate vulputate Microservices dolor consectetur cursus consectetur
2024-06-09 12:40:55 [pool-1-thread-1] INFO  c.m.d.t.t.k.s.l.TwitterKafkaStatusListener - Twitter status with text adipiscing consectetur enim consectetur Etiam Java cursus vulputate adipiscing elit
2024-06-09 12:41:05 [pool-1-thread-1] INFO  c.m.d.t.t.k.s.l.TwitterKafkaStatusListener - Twitter status with text amet dolor sit ipsum elit adipiscing cursus Microservices ipsum sit enim Duis ipsum dolor
2024-06-09 12:41:15 [pool-1-thread-1] INFO  c.m.d.t.t.k.s.l.TwitterKafkaStatusListener - Twitter status with text Duis vulputate ipsum vulputate sit elit Microservices vulputate cursus ipsum enim
2024-06-09 12:41:25 [pool-1-thread-1] INFO  c.m.d.t.t.k.s.l.TwitterKafkaStatusListener - Twitter status with text elit enim ipsum sodales cursus Spring Lorem Etiam Lorem
2024-06-09 12:41:35 [pool-1-thread-1] INFO  c.m.d.t.t.k.s.l.TwitterKafkaStatusListener - Twitter status with text Etiam enim dolor consectetur elit Java amet adipiscing consectetur
2024-06-09 12:41:45 [pool-1-thread-1] INFO  c.m.d.t.t.k.s.l.TwitterKafkaStatusListener - Twitter status with text elit amet amet sit Etiam ex amet cursus Spring Etiam Lorem Duis Duis sodales cursus elit
2024-06-09 12:41:55 [pool-1-thread-1] INFO  c.m.d.t.t.k.s.l.TwitterKafkaStatusListener - Twitter status with text enim ex amet adipiscing Lorem Kafka enim sit Etiam
2024-06-09 12:42:05 [pool-1-thread-1] INFO  c.m.d.t.t.k.s.l.TwitterKafkaStatusListener - Twitter status with text ex ipsum Etiam sodales enim Spring consectetur cursus vulputate vulputate
2024-06-09 12:42:15 [pool-1-thread-1] INFO  c.m.d.t.t.k.s.l.TwitterKafkaStatusListener - Twitter status with text ipsum vulputate elit sodales sit cursus vulputate Java ipsum enim Duis amet dolor enim
2024-06-09 12:42:25 [pool-1-thread-1] INFO  c.m.d.t.t.k.s.l.TwitterKafkaStatusListener - Twitter status with text ipsum Lorem Lorem Etiam elit Microservices adipiscing enim Etiam
2024-06-09 12:42:35 [pool-1-thread-1] INFO  c.m.d.t.t.k.s.l.TwitterKafkaStatusListener - Twitter status with text elit ex Etiam ex amet dolor amet Microservices vulputate dolor Lorem consectetur Duis adipiscing
2024-06-09 12:42:45 [pool-1-thread-1] INFO  c.m.d.t.t.k.s.l.TwitterKafkaStatusListener - Twitter status with text adipiscing enim dolor Duis Etiam elit amet Java cursus amet ex amet sodales
2024-06-09 12:42:55 [pool-1-thread-1] INFO  c.m.d.t.t.k.s.l.TwitterKafkaStatusListener - Twitter status with text ex sodales Lorem ex cursus dolor Kafka Duis vulputate consectetur vulputate
2024-06-09 12:43:05 [pool-1-thread-1] INFO  c.m.d.t.t.k.s.l.TwitterKafkaStatusListener - Twitter status with text ipsum ex sit cursus adipiscing Kafka Lorem Duis sodales
2024-06-09 12:43:15 [pool-1-thread-1] INFO  c.m.d.t.t.k.s.l.TwitterKafkaStatusListener - Twitter status with text Lorem ipsum dolor Elasticsearch dolor consectetur
2024-06-09 12:43:25 [pool-1-thread-1] INFO  c.m.d.t.t.k.s.l.TwitterKafkaStatusListener - Twitter status with text elit elit Lorem adipiscing Microservices ex sodales sit
2024-06-09 12:43:35 [pool-1-thread-1] INFO  c.m.d.t.t.k.s.l.TwitterKafkaStatusListener - Twitter status with text ipsum consectetur ipsum enim Elasticsearch dolor adipiscing ex
2024-06-09 12:43:45 [pool-1-thread-1] INFO  c.m.d.t.t.k.s.l.TwitterKafkaStatusListener - Twitter status with text Duis adipiscing ex dolor enim ex ipsum Lorem Java sit consectetur adipiscing amet sodales adipiscing Duis
2024-06-09 12:43:55 [pool-1-thread-1] INFO  c.m.d.t.t.k.s.l.TwitterKafkaStatusListener - Twitter status with text ipsum enim sit vulputate consectetur adipiscing dolor enim Java enim ipsum enim cursus elit vulputate ipsum
2024-06-09 12:44:05 [pool-1-thread-1] INFO  c.m.d.t.t.k.s.l.TwitterKafkaStatusListener - Twitter status with text ex Duis sit Spring cursus cursus
2024-06-09 12:44:15 [pool-1-thread-1] INFO  c.m.d.t.t.k.s.l.TwitterKafkaStatusListener - Twitter status with text Lorem adipiscing dolor dolor Etiam ipsum dolor ipsum Elasticsearch Etiam ipsum amet Etiam elit sodales
2024-06-09 12:44:25 [pool-1-thread-1] INFO  c.m.d.t.t.k.s.l.TwitterKafkaStatusListener - Twitter status with text ipsum ex dolor adipiscing elit vulputate Spring Etiam Etiam enim dolor vulputate
2024-06-09 12:44:35 [pool-1-thread-1] INFO  c.m.d.t.t.k.s.l.TwitterKafkaStatusListener - Twitter status with text consectetur Etiam Lorem ex Etiam consectetur vulputate cursus Kafka dolor ex sit elit dolor Etiam dolor
2024-06-09 12:44:45 [pool-1-thread-1] INFO  c.m.d.t.t.k.s.l.TwitterKafkaStatusListener - Twitter status with text amet vulputate ipsum elit sit Duis Kafka Duis sit dolor Lorem Lorem
2024-06-09 12:44:55 [pool-1-thread-1] INFO  c.m.d.t.t.k.s.l.TwitterKafkaStatusListener - Twitter status with text ipsum enim Lorem vulputate Etiam Microservices cursus consectetur sodales
2024-06-09 12:45:05 [pool-1-thread-1] INFO  c.m.d.t.t.k.s.l.TwitterKafkaStatusListener - Twitter status with text vulputate vulputate vulputate dolor Spring Lorem consectetur
2024-06-09 12:45:15 [pool-1-thread-1] INFO  c.m.d.t.t.k.s.l.TwitterKafkaStatusListener - Twitter status with text Duis amet sit enim vulputate enim enim Spring dolor ipsum Lorem sodales vulputate
2024-06-09 12:45:25 [pool-1-thread-1] INFO  c.m.d.t.t.k.s.l.TwitterKafkaStatusListener - Twitter status with text amet Etiam adipiscing Java adipiscing cursus
2024-06-09 12:45:35 [pool-1-thread-1] INFO  c.m.d.t.t.k.s.l.TwitterKafkaStatusListener - Twitter status with text consectetur Lorem Lorem cursus Lorem Spring vulputate dolor vulputate
